<?xml version="1.0" encoding="UTF-8"?>
<!-- Generated by org.testng.reporters.JUnitXMLReporter -->
<testsuite ignored="0" hostname="DESKTOP-4UP0PNP" failures="0" tests="1" name="Test" time="0.162" errors="0" timestamp="2024-09-03T16:48:32 IST">
  <testcase classname="com.myntrajio.generic.common.BaseTest" name="@BeforeClass browserSetup" time="-1.72536231276E9">
    <failure type="org.testng.TestNGException" message="
Parameter &amp;apos;browser&amp;apos; is required by BeforeClass on method browserSetup but has not been marked @Optional or defined
in C:\Users\saira\git\repository\com.myntrajio\Suite_FunctionalityTesting.xml">
      <![CDATA[org.testng.TestNGException: 
Parameter 'browser' is required by BeforeClass on method browserSetup but has not been marked @Optional or defined
in C:\Users\saira\git\repository\com.myntrajio\Suite_FunctionalityTesting.xml
at java.base/java.util.ArrayList.forEach(ArrayList.java:1597)
... Removed 22 stack frames]]>
    </failure>
  </testcase> <!-- @BeforeClass browserSetup -->
  <testcase classname="com.myntrajio.generic.common.BaseTest" name="@BeforeMethod login" time="0.0">
    <skipped/>
  </testcase> <!-- @BeforeMethod login -->
  <testcase classname="com.myntrajio.generic.common.BaseTest" name="@AfterMethod Logout" time="0.0">
    <skipped/>
  </testcase> <!-- @AfterMethod Logout -->
  <testcase classname="com.myntrajio.generic.common.BaseTest" name="@AfterClass closebrowser" time="0.0">
    <skipped/>
  </testcase> <!-- @AfterClass closebrowser -->
  <testcase classname="com.myntrajio.RegisterTest.RegisterTest" name="registerValidData" time="0.001">
    <skipped/>
  </testcase> <!-- registerValidData -->
</testsuite> <!-- Test -->
